<?xml version="1.0" encoding="UTF-8" ?>
<testsuite tests="10" failures="0" name="eu.stamp_project.examples.dhell.HelloAppTest" time="0.179" errors="0" skipped="1">
  <properties>
    <property name="java.runtime.name" value="Java(TM) SE Runtime Environment"/>
    <property name="java.vm.version" value="12.0.2+10"/>
    <property name="sun.boot.library.path" value="C:\Program Files\Java\jdk-12.0.2\bin"/>
    <property name="maven.multiModuleProjectDirectory" value="C:\Users\A683946\Ricardo\dhell"/>
    <property name="java.vm.vendor" value="Oracle Corporation"/>
    <property name="java.vendor.url" value="https://java.oracle.com/"/>
    <property name="guice.disable.misplaced.annotation.check" value="true"/>
    <property name="path.separator" value=";"/>
    <property name="java.vm.name" value="Java HotSpot(TM) 64-Bit Server VM"/>
    <property name="sun.os.patch.level" value=""/>
    <property name="user.script" value=""/>
    <property name="user.country" value="ES"/>
    <property name="sun.java.launcher" value="SUN_STANDARD"/>
    <property name="java.vm.specification.name" value="Java Virtual Machine Specification"/>
    <property name="user.dir" value="C:\Users\A683946\Ricardo\dhell"/>
    <property name="java.vm.compressedOopsMode" value="32-bit"/>
    <property name="java.runtime.version" value="12.0.2+10"/>
    <property name="java.awt.graphicsenv" value="sun.awt.Win32GraphicsEnvironment"/>
    <property name="os.arch" value="amd64"/>
    <property name="java.io.tmpdir" value="C:\Users\A683946\AppData\Local\Temp\"/>
    <property name="line.separator" value="
"/>
    <property name="java.vm.specification.vendor" value="Oracle Corporation"/>
    <property name="user.variant" value=""/>
    <property name="os.name" value="Windows 10"/>
    <property name="classworlds.conf" value="C:\Users\A683946\Ricardo\Stamp\runtime-New_configuration\.metadata\.plugins\org.eclipse.m2e.launching\launches\m2conf12775629223419393308.tmp"/>
    <property name="sun.jnu.encoding" value="Cp1252"/>
    <property name="java.library.path" value="C:\Program Files\Java\jdk-12.0.2\bin;C:\Windows\Sun\Java\bin;C:\Windows\system32;C:\Windows;C:/Program Files/Java/jdk-12.0.2/bin/server;C:/Program Files/Java/jdk-12.0.2/bin;C:\Windows\system32;C:\Windows;C:\Windows\System32\Wbem;C:\Windows\System32\WindowsPowerShell\v1.0\;C:\Windows\System32\OpenSSH\;C:\Program Files\Java\jdk-12.0.2\bin;C:\Program Files\Git\cmd;C:\Program Files\maven\apache-maven-3.6.1\bin;C:\Program Files\Intel\WiFi\bin\;C:\Program Files\Common Files\Intel\WirelessCommon\;C:\Program Files\PuTTY\;C:\Users\A683946\AppData\Local\Microsoft\WindowsApps;;C:\Program Files\Eclipse\Commiters\eclipse;;."/>
    <property name="jdk.debug" value="release"/>
    <property name="java.class.version" value="56.0"/>
    <property name="java.specification.name" value="Java Platform API Specification"/>
    <property name="sun.management.compiler" value="HotSpot 64-Bit Tiered Compilers"/>
    <property name="os.version" value="10.0"/>
    <property name="user.home" value="C:\Users\A683946"/>
    <property name="user.timezone" value="Europe/Madrid"/>
    <property name="file.encoding" value="Cp1252"/>
    <property name="java.specification.version" value="12"/>
    <property name="user.name" value="A683946"/>
    <property name="java.class.path" value="C:\Program Files\Eclipse\Commiters\eclipse\plugins\org.eclipse.m2e.maven.runtime_1.12.0.20190529-1915\jars\plexus-classworlds-2.6.0.jar"/>
    <property name="java.vm.specification.version" value="12"/>
    <property name="sun.arch.data.model" value="64"/>
    <property name="sun.java.command" value="org.codehaus.plexus.classworlds.launcher.Launcher -Pdescartes-plugin-profile-18-11-19-11-10-01 -B clean package org.pitest:pitest-maven:mutationCoverage -DmutationEngine=descartes -f prueba1_pom.xml"/>
    <property name="java.home" value="C:\Program Files\Java\jdk-12.0.2"/>
    <property name="user.language" value="es"/>
    <property name="java.specification.vendor" value="Oracle Corporation"/>
    <property name="awt.toolkit" value="sun.awt.windows.WToolkit"/>
    <property name="java.vm.info" value="mixed mode, sharing"/>
    <property name="java.version" value="12.0.2"/>
    <property name="mutationEngine" value="descartes"/>
    <property name="java.vendor" value="Oracle Corporation"/>
    <property name="maven.home" value="C:\Users\A683946\Ricardo\dhell\EMBEDDED"/>
    <property name="file.separator" value="\"/>
    <property name="java.version.date" value="2019-07-16"/>
    <property name="java.vendor.url.bug" value="https://bugreport.java.com/bugreport/"/>
    <property name="sun.io.unicode.encoding" value="UnicodeLittle"/>
    <property name="sun.cpu.endian" value="little"/>
    <property name="sun.desktop" value="windows"/>
    <property name="sun.cpu.isalist" value="amd64"/>
  </properties>
  <testcase classname="eu.stamp_project.examples.dhell.HelloAppTest" name="testReproduceException1" time="0.072">
    <skipped/>
    <system-out>dhell.HelloAppTest: @BeforeClass - runOnceAtTheBeginning
</system-out>
  </testcase>
  <testcase classname="eu.stamp_project.examples.dhell.HelloAppTest" name="testHelloAppSomeInfoAreReturned" time="0.073"/>
  <testcase classname="eu.stamp_project.examples.dhell.HelloAppTest" name="testHelloAppRun1" time="0.01"/>
  <testcase classname="eu.stamp_project.examples.dhell.HelloAppTest" name="testHelloAppRun2" time="0.005"/>
  <testcase classname="eu.stamp_project.examples.dhell.HelloAppTest" name="testHelloAppRun3" time="0.009"/>
  <testcase classname="eu.stamp_project.examples.dhell.HelloAppTest" name="testHelloAppDetailedInfoAreReturned" time="0.003"/>
  <testcase classname="eu.stamp_project.examples.dhell.HelloAppTest" name="testHelloAppDefault" time="0.004"/>
  <testcase classname="eu.stamp_project.examples.dhell.HelloAppTest" name="testHelloAppIntString" time="0.001"/>
  <testcase classname="eu.stamp_project.examples.dhell.HelloAppTest" name="testHelloAppString" time="0.001"/>
  <testcase classname="eu.stamp_project.examples.dhell.HelloAppTest" name="testHelloAppInt" time="0.001"/>
</testsuite>